::1 - - [11/May/2020:20:50:05 +0000] "POST /users/login HTTP/1.1" 200 552 "-" "PostmanRuntime/7.24.1"
::1 - - [18/May/2020:11:34:53 +0000] "GET /fbexpense HTTP/1.1" 200 2423 "-" "Mozilla/5.0 (Windows NT 10.0; Win64; x64) AppleWebKit/537.36 (KHTML, like Gecko) Chrome/81.0.4044.138 Safari/537.36"
::1 - - [18/May/2020:11:35:17 +0000] "GET /fbexpense HTTP/1.1" 200 2423 "-" "Mozilla/5.0 (Windows NT 10.0; Win64; x64) AppleWebKit/537.36 (KHTML, like Gecko) Chrome/81.0.4044.138 Safari/537.36"
::1 - - [18/May/2020:11:35:21 +0000] "GET /fbexpense HTTP/1.1" 200 2423 "-" "Mozilla/5.0 (Windows NT 10.0; Win64; x64) AppleWebKit/537.36 (KHTML, like Gecko) Chrome/81.0.4044.138 Safari/537.36"
::1 - - [18/May/2020:11:35:47 +0000] "GET /fbexpense HTTP/1.1" 200 2423 "-" "Mozilla/5.0 (Windows NT 10.0; Win64; x64) AppleWebKit/537.36 (KHTML, like Gecko) Chrome/81.0.4044.138 Safari/537.36"
::1 - - [18/May/2020:11:36:16 +0000] "GET /getAutomateExpenses HTTP/1.1" 200 2423 "-" "Mozilla/5.0 (Windows NT 10.0; Win64; x64) AppleWebKit/537.36 (KHTML, like Gecko) Chrome/81.0.4044.138 Safari/537.36"
::1 - - [18/May/2020:11:36:17 +0000] "GET /getAutomateExpenses HTTP/1.1" 200 2423 "-" "Mozilla/5.0 (Windows NT 10.0; Win64; x64) AppleWebKit/537.36 (KHTML, like Gecko) Chrome/81.0.4044.138 Safari/537.36"
::1 - - [18/May/2020:11:36:17 +0000] "GET /getAutomateExpenses HTTP/1.1" 200 2423 "-" "Mozilla/5.0 (Windows NT 10.0; Win64; x64) AppleWebKit/537.36 (KHTML, like Gecko) Chrome/81.0.4044.138 Safari/537.36"
::1 - - [18/May/2020:11:36:46 +0000] "GET /getAutomateExpenses HTTP/1.1" 200 2423 "-" "Mozilla/5.0 (Windows NT 10.0; Win64; x64) AppleWebKit/537.36 (KHTML, like Gecko) Chrome/81.0.4044.138 Safari/537.36"
::1 - - [18/May/2020:11:37:37 +0000] "GET /getAutomateExpenses HTTP/1.1" 200 2423 "-" "Mozilla/5.0 (Windows NT 10.0; Win64; x64) AppleWebKit/537.36 (KHTML, like Gecko) Chrome/81.0.4044.138 Safari/537.36"
::1 - - [18/May/2020:12:02:36 +0000] "GET /expenses/getAutomateExpenses HTTP/1.1" 200 16107 "-" "Mozilla/5.0 (Windows NT 10.0; Win64; x64) AppleWebKit/537.36 (KHTML, like Gecko) Chrome/81.0.4044.138 Safari/537.36"
::1 - - [18/May/2020:12:14:27 +0000] "POST /expenses/getAutomateExpenses HTTP/1.1" 404 168 "http://localhost:3000/automated_expense/facebook" "Mozilla/5.0 (Windows NT 10.0; Win64; x64) AppleWebKit/537.36 (KHTML, like Gecko) Chrome/81.0.4044.138 Safari/537.36"
::1 - - [18/May/2020:12:15:12 +0000] "POST /expenses/getAutomateExpenses HTTP/1.1" 404 168 "http://localhost:3000/automated_expense/facebook" "Mozilla/5.0 (Windows NT 10.0; Win64; x64) AppleWebKit/537.36 (KHTML, like Gecko) Chrome/81.0.4044.138 Safari/537.36"
::1 - - [18/May/2020:12:15:33 +0000] "POST /expenses/getAutomateExpenses HTTP/1.1" 404 168 "http://localhost:3000/automated_expense/facebook" "Mozilla/5.0 (Windows NT 10.0; Win64; x64) AppleWebKit/537.36 (KHTML, like Gecko) Chrome/81.0.4044.138 Safari/537.36"
::1 - - [18/May/2020:12:16:08 +0000] "GET /expenses/getAutomateExpenses HTTP/1.1" 200 16107 "http://localhost:3000/automated_expense/facebook" "Mozilla/5.0 (Windows NT 10.0; Win64; x64) AppleWebKit/537.36 (KHTML, like Gecko) Chrome/81.0.4044.138 Safari/537.36"
::1 - - [18/May/2020:12:16:51 +0000] "GET /expenses/getAutomateExpenses HTTP/1.1" 200 16107 "http://localhost:3000/automated_expense/facebook" "Mozilla/5.0 (Windows NT 10.0; Win64; x64) AppleWebKit/537.36 (KHTML, like Gecko) Chrome/81.0.4044.138 Safari/537.36"
::1 - - [18/May/2020:12:17:12 +0000] "GET /expenses/getAutomateExpenses HTTP/1.1" 200 16107 "http://localhost:3000/automated_expense/facebook" "Mozilla/5.0 (Windows NT 10.0; Win64; x64) AppleWebKit/537.36 (KHTML, like Gecko) Chrome/81.0.4044.138 Safari/537.36"
::1 - - [18/May/2020:12:22:00 +0000] "GET /expenses/getAutomateExpenses HTTP/1.1" - - "http://localhost:3000/automated_expense/facebook" "Mozilla/5.0 (Windows NT 10.0; Win64; x64) AppleWebKit/537.36 (KHTML, like Gecko) Chrome/81.0.4044.138 Safari/537.36"
::1 - - [18/May/2020:12:22:41 +0000] "GET /expenses/getAutomateExpenses HTTP/1.1" 200 16107 "http://localhost:3000/automated_expense/facebook" "Mozilla/5.0 (Windows NT 10.0; Win64; x64) AppleWebKit/537.36 (KHTML, like Gecko) Chrome/81.0.4044.138 Safari/537.36"
::1 - - [18/May/2020:12:23:17 +0000] "GET /expenses/getAutomateExpenses HTTP/1.1" 200 16107 "http://localhost:3000/automated_expense/facebook" "Mozilla/5.0 (Windows NT 10.0; Win64; x64) AppleWebKit/537.36 (KHTML, like Gecko) Chrome/81.0.4044.138 Safari/537.36"
::1 - - [18/May/2020:12:24:00 +0000] "GET /expenses/getAutomateExpenses HTTP/1.1" 200 16107 "http://localhost:3000/automated_expense/facebook" "Mozilla/5.0 (Windows NT 10.0; Win64; x64) AppleWebKit/537.36 (KHTML, like Gecko) Chrome/81.0.4044.138 Safari/537.36"
::1 - - [18/May/2020:12:34:50 +0000] "GET /expenses/getAutomateExpenses HTTP/1.1" 200 16107 "http://localhost:3000/automated_expense/facebook" "Mozilla/5.0 (Windows NT 10.0; Win64; x64) AppleWebKit/537.36 (KHTML, like Gecko) Chrome/81.0.4044.138 Safari/537.36"
::1 - - [18/May/2020:12:38:14 +0000] "GET /expenses/getAutomateExpenses HTTP/1.1" 200 16107 "http://localhost:3000/automated_expense/facebook" "Mozilla/5.0 (Windows NT 10.0; Win64; x64) AppleWebKit/537.36 (KHTML, like Gecko) Chrome/81.0.4044.138 Safari/537.36"
::1 - - [18/May/2020:12:39:14 +0000] "GET /expenses/getAutomateExpenses HTTP/1.1" 200 16107 "http://localhost:3000/automated_expense/facebook" "Mozilla/5.0 (Windows NT 10.0; Win64; x64) AppleWebKit/537.36 (KHTML, like Gecko) Chrome/81.0.4044.138 Safari/537.36"
::1 - - [18/May/2020:12:39:42 +0000] "GET /expenses/getAutomateExpenses HTTP/1.1" 200 16107 "http://localhost:3000/automated_expense/facebook" "Mozilla/5.0 (Windows NT 10.0; Win64; x64) AppleWebKit/537.36 (KHTML, like Gecko) Chrome/81.0.4044.138 Safari/537.36"
::1 - - [18/May/2020:12:40:01 +0000] "GET /expenses/getAutomateExpenses HTTP/1.1" 200 16107 "http://localhost:3000/automated_expense/facebook" "Mozilla/5.0 (Windows NT 10.0; Win64; x64) AppleWebKit/537.36 (KHTML, like Gecko) Chrome/81.0.4044.138 Safari/537.36"
::1 - - [18/May/2020:12:40:08 +0000] "GET /expenses/getAutomateExpenses HTTP/1.1" 200 16107 "http://localhost:3000/automated_expense/facebook" "Mozilla/5.0 (Windows NT 10.0; Win64; x64) AppleWebKit/537.36 (KHTML, like Gecko) Chrome/81.0.4044.138 Safari/537.36"
::1 - - [18/May/2020:12:40:12 +0000] "GET /expenses/getAutomateExpenses HTTP/1.1" 200 16107 "http://localhost:3000/automated_expense/facebook" "Mozilla/5.0 (Windows NT 10.0; Win64; x64) AppleWebKit/537.36 (KHTML, like Gecko) Chrome/81.0.4044.138 Safari/537.36"
::1 - - [18/May/2020:12:40:41 +0000] "GET /expenses/getAutomateExpenses HTTP/1.1" 200 16107 "http://localhost:3000/automated_expense/facebook" "Mozilla/5.0 (Windows NT 10.0; Win64; x64) AppleWebKit/537.36 (KHTML, like Gecko) Chrome/81.0.4044.138 Safari/537.36"
::1 - - [18/May/2020:15:12:17 +0000] "GET /expenses/getAutomateExpenses HTTP/1.1" 200 16107 "http://localhost:3000/automated_expense/facebook" "Mozilla/5.0 (Windows NT 10.0; Win64; x64) AppleWebKit/537.36 (KHTML, like Gecko) Chrome/81.0.4044.138 Safari/537.36"
